<?xml version="1.0" encoding="UTF-8"?>
<testsuite xmlns:xsi="http://www.w3.org/2001/XMLSchema-instance" xsi:noNamespaceSchemaLocation="https://maven.apache.org/surefire/maven-surefire-plugin/xsd/surefire-test-report-3.0.xsd" version="3.0" name="TestSuite" time="37.806" tests="4" errors="0" skipped="0" failures="0">
  <properties>
    <property name="QASE_API_TOKEN" value="c92f35b026bd1b82e1d35949b80e29f2d6832a31bdc22db532c9a1ee55d67922"/>
    <property name="java.specification.version" value="20"/>
    <property name="sun.cpu.isalist" value="amd64"/>
    <property name="sun.jnu.encoding" value="Cp1252"/>
    <property name="java.class.path" value="C:\Users\Andre\IdeaProjects\Playground.lambdatest\target\test-classes;C:\Users\Andre\IdeaProjects\Playground.lambdatest\target\classes;C:\Users\Andre\.m2\repository\org\testng\testng\7.7.1\testng-7.7.1.jar;C:\Users\Andre\.m2\repository\org\slf4j\slf4j-api\1.7.36\slf4j-api-1.7.36.jar;C:\Users\Andre\.m2\repository\com\beust\jcommander\1.82\jcommander-1.82.jar;C:\Users\Andre\.m2\repository\org\webjars\jquery\3.6.1\jquery-3.6.1.jar;C:\Users\Andre\.m2\repository\org\seleniumhq\selenium\selenium-java\4.8.3\selenium-java-4.8.3.jar;C:\Users\Andre\.m2\repository\org\seleniumhq\selenium\selenium-api\4.8.3\selenium-api-4.8.3.jar;C:\Users\Andre\.m2\repository\org\seleniumhq\selenium\selenium-chrome-driver\4.8.3\selenium-chrome-driver-4.8.3.jar;C:\Users\Andre\.m2\repository\com\google\auto\service\auto-service-annotations\1.0.1\auto-service-annotations-1.0.1.jar;C:\Users\Andre\.m2\repository\com\google\auto\service\auto-service\1.0.1\auto-service-1.0.1.jar;C:\Users\Andre\.m2\repository\com\google\auto\auto-common\1.2\auto-common-1.2.jar;C:\Users\Andre\.m2\repository\com\google\guava\guava\31.1-jre\guava-31.1-jre.jar;C:\Users\Andre\.m2\repository\com\google\guava\failureaccess\1.0.1\failureaccess-1.0.1.jar;C:\Users\Andre\.m2\repository\com\google\guava\listenablefuture\9999.0-empty-to-avoid-conflict-with-guava\listenablefuture-9999.0-empty-to-avoid-conflict-with-guava.jar;C:\Users\Andre\.m2\repository\org\checkerframework\checker-qual\3.12.0\checker-qual-3.12.0.jar;C:\Users\Andre\.m2\repository\com\google\errorprone\error_prone_annotations\2.11.0\error_prone_annotations-2.11.0.jar;C:\Users\Andre\.m2\repository\com\google\j2objc\j2objc-annotations\1.3\j2objc-annotations-1.3.jar;C:\Users\Andre\.m2\repository\org\seleniumhq\selenium\selenium-chromium-driver\4.8.3\selenium-chromium-driver-4.8.3.jar;C:\Users\Andre\.m2\repository\org\seleniumhq\selenium\selenium-json\4.8.3\selenium-json-4.8.3.jar;C:\Users\Andre\.m2\repository\org\seleniumhq\selenium\selenium-manager\4.8.3\selenium-manager-4.8.3.jar;C:\Users\Andre\.m2\repository\org\seleniumhq\selenium\selenium-devtools-v109\4.8.3\selenium-devtools-v109-4.8.3.jar;C:\Users\Andre\.m2\repository\org\seleniumhq\selenium\selenium-devtools-v110\4.8.3\selenium-devtools-v110-4.8.3.jar;C:\Users\Andre\.m2\repository\org\seleniumhq\selenium\selenium-devtools-v111\4.8.3\selenium-devtools-v111-4.8.3.jar;C:\Users\Andre\.m2\repository\org\seleniumhq\selenium\selenium-devtools-v85\4.8.3\selenium-devtools-v85-4.8.3.jar;C:\Users\Andre\.m2\repository\org\seleniumhq\selenium\selenium-edge-driver\4.8.3\selenium-edge-driver-4.8.3.jar;C:\Users\Andre\.m2\repository\org\seleniumhq\selenium\selenium-firefox-driver\4.8.3\selenium-firefox-driver-4.8.3.jar;C:\Users\Andre\.m2\repository\org\seleniumhq\selenium\selenium-http\4.8.3\selenium-http-4.8.3.jar;C:\Users\Andre\.m2\repository\dev\failsafe\failsafe\3.3.1\failsafe-3.3.1.jar;C:\Users\Andre\.m2\repository\org\seleniumhq\selenium\selenium-ie-driver\4.8.3\selenium-ie-driver-4.8.3.jar;C:\Users\Andre\.m2\repository\org\seleniumhq\selenium\selenium-remote-driver\4.8.3\selenium-remote-driver-4.8.3.jar;C:\Users\Andre\.m2\repository\io\netty\netty-buffer\4.1.90.Final\netty-buffer-4.1.90.Final.jar;C:\Users\Andre\.m2\repository\io\netty\netty-codec-http\4.1.90.Final\netty-codec-http-4.1.90.Final.jar;C:\Users\Andre\.m2\repository\io\netty\netty-codec\4.1.90.Final\netty-codec-4.1.90.Final.jar;C:\Users\Andre\.m2\repository\io\netty\netty-handler\4.1.90.Final\netty-handler-4.1.90.Final.jar;C:\Users\Andre\.m2\repository\io\netty\netty-common\4.1.90.Final\netty-common-4.1.90.Final.jar;C:\Users\Andre\.m2\repository\io\netty\netty-transport-classes-epoll\4.1.90.Final\netty-transport-classes-epoll-4.1.90.Final.jar;C:\Users\Andre\.m2\repository\io\netty\netty-transport-classes-kqueue\4.1.90.Final\netty-transport-classes-kqueue-4.1.90.Final.jar;C:\Users\Andre\.m2\repository\io\netty\netty-transport-native-epoll\4.1.90.Final\netty-transport-native-epoll-4.1.90.Final.jar;C:\Users\Andre\.m2\repository\io\netty\netty-transport-native-kqueue\4.1.90.Final\netty-transport-native-kqueue-4.1.90.Final.jar;C:\Users\Andre\.m2\repository\io\netty\netty-transport-native-unix-common\4.1.90.Final\netty-transport-native-unix-common-4.1.90.Final.jar;C:\Users\Andre\.m2\repository\io\netty\netty-transport\4.1.90.Final\netty-transport-4.1.90.Final.jar;C:\Users\Andre\.m2\repository\io\netty\netty-resolver\4.1.90.Final\netty-resolver-4.1.90.Final.jar;C:\Users\Andre\.m2\repository\io\opentelemetry\opentelemetry-api\1.24.0\opentelemetry-api-1.24.0.jar;C:\Users\Andre\.m2\repository\io\opentelemetry\opentelemetry-context\1.24.0\opentelemetry-context-1.24.0.jar;C:\Users\Andre\.m2\repository\io\opentelemetry\opentelemetry-exporter-logging\1.24.0\opentelemetry-exporter-logging-1.24.0.jar;C:\Users\Andre\.m2\repository\io\opentelemetry\opentelemetry-sdk-metrics\1.24.0\opentelemetry-sdk-metrics-1.24.0.jar;C:\Users\Andre\.m2\repository\io\opentelemetry\opentelemetry-sdk-logs\1.24.0-alpha\opentelemetry-sdk-logs-1.24.0-alpha.jar;C:\Users\Andre\.m2\repository\io\opentelemetry\opentelemetry-api-logs\1.24.0-alpha\opentelemetry-api-logs-1.24.0-alpha.jar;C:\Users\Andre\.m2\repository\io\opentelemetry\opentelemetry-api-events\1.24.0-alpha\opentelemetry-api-events-1.24.0-alpha.jar;C:\Users\Andre\.m2\repository\io\opentelemetry\opentelemetry-sdk-common\1.24.0\opentelemetry-sdk-common-1.24.0.jar;C:\Users\Andre\.m2\repository\io\opentelemetry\opentelemetry-sdk-extension-autoconfigure-spi\1.24.0\opentelemetry-sdk-extension-autoconfigure-spi-1.24.0.jar;C:\Users\Andre\.m2\repository\io\opentelemetry\opentelemetry-sdk-extension-autoconfigure\1.24.0-alpha\opentelemetry-sdk-extension-autoconfigure-1.24.0-alpha.jar;C:\Users\Andre\.m2\repository\io\opentelemetry\opentelemetry-sdk-trace\1.24.0\opentelemetry-sdk-trace-1.24.0.jar;C:\Users\Andre\.m2\repository\io\opentelemetry\opentelemetry-sdk\1.24.0\opentelemetry-sdk-1.24.0.jar;C:\Users\Andre\.m2\repository\io\opentelemetry\opentelemetry-semconv\1.24.0-alpha\opentelemetry-semconv-1.24.0-alpha.jar;C:\Users\Andre\.m2\repository\io\ous\jtoml\2.0.0\jtoml-2.0.0.jar;C:\Users\Andre\.m2\repository\net\bytebuddy\byte-buddy\1.14.2\byte-buddy-1.14.2.jar;C:\Users\Andre\.m2\repository\org\apache\commons\commons-exec\1.3\commons-exec-1.3.jar;C:\Users\Andre\.m2\repository\org\asynchttpclient\async-http-client\2.12.3\async-http-client-2.12.3.jar;C:\Users\Andre\.m2\repository\org\asynchttpclient\async-http-client-netty-utils\2.12.3\async-http-client-netty-utils-2.12.3.jar;C:\Users\Andre\.m2\repository\io\netty\netty-codec-socks\4.1.60.Final\netty-codec-socks-4.1.60.Final.jar;C:\Users\Andre\.m2\repository\io\netty\netty-handler-proxy\4.1.60.Final\netty-handler-proxy-4.1.60.Final.jar;C:\Users\Andre\.m2\repository\io\netty\netty-transport-native-epoll\4.1.60.Final\netty-transport-native-epoll-4.1.60.Final-linux-x86_64.jar;C:\Users\Andre\.m2\repository\io\netty\netty-transport-native-kqueue\4.1.60.Final\netty-transport-native-kqueue-4.1.60.Final-osx-x86_64.jar;C:\Users\Andre\.m2\repository\org\reactivestreams\reactive-streams\1.0.3\reactive-streams-1.0.3.jar;C:\Users\Andre\.m2\repository\com\typesafe\netty\netty-reactive-streams\2.0.4\netty-reactive-streams-2.0.4.jar;C:\Users\Andre\.m2\repository\com\sun\activation\jakarta.activation\1.2.2\jakarta.activation-1.2.2.jar;C:\Users\Andre\.m2\repository\org\seleniumhq\selenium\selenium-safari-driver\4.8.3\selenium-safari-driver-4.8.3.jar;C:\Users\Andre\.m2\repository\org\seleniumhq\selenium\selenium-support\4.8.3\selenium-support-4.8.3.jar;C:\Users\Andre\.m2\repository\io\github\bonigarcia\webdrivermanager\5.3.2\webdrivermanager-5.3.2.jar;C:\Users\Andre\.m2\repository\com\google\code\gson\gson\2.10.1\gson-2.10.1.jar;C:\Users\Andre\.m2\repository\com\github\docker-java\docker-java\3.2.14\docker-java-3.2.14.jar;C:\Users\Andre\.m2\repository\com\github\docker-java\docker-java-core\3.2.14\docker-java-core-3.2.14.jar;C:\Users\Andre\.m2\repository\com\github\docker-java\docker-java-api\3.2.14\docker-java-api-3.2.14.jar;C:\Users\Andre\.m2\repository\com\fasterxml\jackson\core\jackson-annotations\2.10.3\jackson-annotations-2.10.3.jar;C:\Users\Andre\.m2\repository\commons-io\commons-io\2.6\commons-io-2.6.jar;C:\Users\Andre\.m2\repository\org\apache\commons\commons-compress\1.21\commons-compress-1.21.jar;C:\Users\Andre\.m2\repository\com\fasterxml\jackson\core\jackson-databind\2.10.3\jackson-databind-2.10.3.jar;C:\Users\Andre\.m2\repository\com\fasterxml\jackson\core\jackson-core\2.10.3\jackson-core-2.10.3.jar;C:\Users\Andre\.m2\repository\org\bouncycastle\bcpkix-jdk15on\1.64\bcpkix-jdk15on-1.64.jar;C:\Users\Andre\.m2\repository\org\bouncycastle\bcprov-jdk15on\1.64\bcprov-jdk15on-1.64.jar;C:\Users\Andre\.m2\repository\org\slf4j\jcl-over-slf4j\1.7.30\jcl-over-slf4j-1.7.30.jar;C:\Users\Andre\.m2\repository\com\github\docker-java\docker-java-transport-httpclient5\3.2.14\docker-java-transport-httpclient5-3.2.14.jar;C:\Users\Andre\.m2\repository\com\github\docker-java\docker-java-transport\3.2.14\docker-java-transport-3.2.14.jar;C:\Users\Andre\.m2\repository\net\java\dev\jna\jna\5.12.1\jna-5.12.1.jar;C:\Users\Andre\.m2\repository\org\brotli\dec\0.1.2\dec-0.1.2.jar;C:\Users\Andre\.m2\repository\org\apache\commons\commons-lang3\3.12.0\commons-lang3-3.12.0.jar;C:\Users\Andre\.m2\repository\org\apache\httpcomponents\client5\httpclient5\5.2.1\httpclient5-5.2.1.jar;C:\Users\Andre\.m2\repository\org\apache\httpcomponents\core5\httpcore5\5.2\httpcore5-5.2.jar;C:\Users\Andre\.m2\repository\org\apache\httpcomponents\core5\httpcore5-h2\5.2\httpcore5-h2-5.2.jar;C:\Users\Andre\.m2\repository\org\slf4j\slf4j-simple\1.7.36\slf4j-simple-1.7.36.jar;C:\Users\Andre\.m2\repository\io\qase\qase-testng\3.0.4\qase-testng-3.0.4.jar;C:\Users\Andre\.m2\repository\com\google\inject\guice\5.1.0\guice-5.1.0.jar;C:\Users\Andre\.m2\repository\javax\inject\javax.inject\1\javax.inject-1.jar;C:\Users\Andre\.m2\repository\aopalliance\aopalliance\1.0\aopalliance-1.0.jar;C:\Users\Andre\.m2\repository\io\qase\qase-api\3.0.4\qase-api-3.0.4.jar;C:\Users\Andre\.m2\repository\org\openapitools\jackson-databind-nullable\0.2.4\jackson-databind-nullable-0.2.4.jar;C:\Users\Andre\.m2\repository\com\google\code\findbugs\jsr305\3.0.2\jsr305-3.0.2.jar;C:\Users\Andre\.m2\repository\javax\annotation\javax.annotation-api\1.3.2\javax.annotation-api-1.3.2.jar;C:\Users\Andre\.m2\repository\io\swagger\swagger-annotations\1.6.8\swagger-annotations-1.6.8.jar;C:\Users\Andre\.m2\repository\io\gsonfire\gson-fire\1.8.5\gson-fire-1.8.5.jar;C:\Users\Andre\.m2\repository\com\squareup\okhttp3\logging-interceptor\4.10.0\logging-interceptor-4.10.0.jar;C:\Users\Andre\.m2\repository\com\squareup\okhttp3\okhttp\4.10.0\okhttp-4.10.0.jar;C:\Users\Andre\.m2\repository\com\squareup\okio\okio-jvm\3.0.0\okio-jvm-3.0.0.jar;C:\Users\Andre\.m2\repository\org\jetbrains\kotlin\kotlin-stdlib-common\1.5.31\kotlin-stdlib-common-1.5.31.jar;C:\Users\Andre\.m2\repository\org\jetbrains\kotlin\kotlin-stdlib\1.6.20\kotlin-stdlib-1.6.20.jar;C:\Users\Andre\.m2\repository\org\jetbrains\annotations\13.0\annotations-13.0.jar;C:\Users\Andre\.m2\repository\org\jetbrains\kotlin\kotlin-stdlib-jdk8\1.6.10\kotlin-stdlib-jdk8-1.6.10.jar;C:\Users\Andre\.m2\repository\org\jetbrains\kotlin\kotlin-stdlib-jdk7\1.6.10\kotlin-stdlib-jdk7-1.6.10.jar;C:\Users\Andre\.m2\repository\org\aspectj\aspectjrt\1.8.9\aspectjrt-1.8.9.jar;C:\Users\Andre\.m2\repository\org\aeonbits\owner\owner-java8\1.0.12\owner-java8-1.0.12.jar;C:\Users\Andre\.m2\repository\org\aeonbits\owner\owner\1.0.12\owner-1.0.12.jar;C:\Users\Andre\.m2\repository\com\konghq\unirest-java\3.4.00\unirest-java-3.4.00.jar;C:\Users\Andre\.m2\repository\org\apache\httpcomponents\httpclient\4.5.9\httpclient-4.5.9.jar;C:\Users\Andre\.m2\repository\org\apache\httpcomponents\httpcore\4.4.11\httpcore-4.4.11.jar;C:\Users\Andre\.m2\repository\commons-logging\commons-logging\1.2\commons-logging-1.2.jar;C:\Users\Andre\.m2\repository\commons-codec\commons-codec\1.11\commons-codec-1.11.jar;C:\Users\Andre\.m2\repository\org\apache\httpcomponents\httpmime\4.5.9\httpmime-4.5.9.jar;C:\Users\Andre\.m2\repository\org\apache\httpcomponents\httpcore-nio\4.4.11\httpcore-nio-4.4.11.jar;C:\Users\Andre\.m2\repository\org\apache\httpcomponents\httpasyncclient\4.1.4\httpasyncclient-4.1.4.jar;C:\Users\Andre\.m2\repository\javax\ws\rs\jsr311-api\1.1.1\jsr311-api-1.1.1.jar;C:\Users\Andre\.m2\repository\javax\ws\rs\javax.ws.rs-api\2.1.1\javax.ws.rs-api-2.1.1.jar;C:\Users\Andre\.m2\repository\org\projectlombok\lombok\1.18.24\lombok-1.18.24.jar;C:\Users\Andre\.m2\repository\ch\qos\logback\logback-core\1.2.9\logback-core-1.2.9.jar;C:\Users\Andre\.m2\repository\ch\qos\logback\logback-classic\1.2.9\logback-classic-1.2.9.jar;"/>
    <property name="java.vm.vendor" value="Oracle Corporation"/>
    <property name="sun.arch.data.model" value="64"/>
    <property name="user.variant" value=""/>
    <property name="java.vendor.url" value="https://java.oracle.com/"/>
    <property name="user.timezone" value="Europe/Stockholm"/>
    <property name="os.name" value="Windows 11"/>
    <property name="java.vm.specification.version" value="20"/>
    <property name="QASE_PROJECT_CODE" value="/IM"/>
    <property name="sun.java.launcher" value="SUN_STANDARD"/>
    <property name="user.country" value="SE"/>
    <property name="sun.boot.library.path" value="C:\Users\Andre\.jdks\openjdk-20.0.1\bin"/>
    <property name="sun.java.command" value="C:\Users\Andre\AppData\Local\Temp\surefire17115043692664208739\surefirebooter17179141744163989437.jar C:\Users\Andre\AppData\Local\Temp\surefire17115043692664208739 2023-05-12T10-24-33_983-jvmRun1 surefire11631219013040821479tmp surefire_02164287361484846587tmp"/>
    <property name="jdk.debug" value="release"/>
    <property name="surefire.test.class.path" value="C:\Users\Andre\IdeaProjects\Playground.lambdatest\target\test-classes;C:\Users\Andre\IdeaProjects\Playground.lambdatest\target\classes;C:\Users\Andre\.m2\repository\org\testng\testng\7.7.1\testng-7.7.1.jar;C:\Users\Andre\.m2\repository\org\slf4j\slf4j-api\1.7.36\slf4j-api-1.7.36.jar;C:\Users\Andre\.m2\repository\com\beust\jcommander\1.82\jcommander-1.82.jar;C:\Users\Andre\.m2\repository\org\webjars\jquery\3.6.1\jquery-3.6.1.jar;C:\Users\Andre\.m2\repository\org\seleniumhq\selenium\selenium-java\4.8.3\selenium-java-4.8.3.jar;C:\Users\Andre\.m2\repository\org\seleniumhq\selenium\selenium-api\4.8.3\selenium-api-4.8.3.jar;C:\Users\Andre\.m2\repository\org\seleniumhq\selenium\selenium-chrome-driver\4.8.3\selenium-chrome-driver-4.8.3.jar;C:\Users\Andre\.m2\repository\com\google\auto\service\auto-service-annotations\1.0.1\auto-service-annotations-1.0.1.jar;C:\Users\Andre\.m2\repository\com\google\auto\service\auto-service\1.0.1\auto-service-1.0.1.jar;C:\Users\Andre\.m2\repository\com\google\auto\auto-common\1.2\auto-common-1.2.jar;C:\Users\Andre\.m2\repository\com\google\guava\guava\31.1-jre\guava-31.1-jre.jar;C:\Users\Andre\.m2\repository\com\google\guava\failureaccess\1.0.1\failureaccess-1.0.1.jar;C:\Users\Andre\.m2\repository\com\google\guava\listenablefuture\9999.0-empty-to-avoid-conflict-with-guava\listenablefuture-9999.0-empty-to-avoid-conflict-with-guava.jar;C:\Users\Andre\.m2\repository\org\checkerframework\checker-qual\3.12.0\checker-qual-3.12.0.jar;C:\Users\Andre\.m2\repository\com\google\errorprone\error_prone_annotations\2.11.0\error_prone_annotations-2.11.0.jar;C:\Users\Andre\.m2\repository\com\google\j2objc\j2objc-annotations\1.3\j2objc-annotations-1.3.jar;C:\Users\Andre\.m2\repository\org\seleniumhq\selenium\selenium-chromium-driver\4.8.3\selenium-chromium-driver-4.8.3.jar;C:\Users\Andre\.m2\repository\org\seleniumhq\selenium\selenium-json\4.8.3\selenium-json-4.8.3.jar;C:\Users\Andre\.m2\repository\org\seleniumhq\selenium\selenium-manager\4.8.3\selenium-manager-4.8.3.jar;C:\Users\Andre\.m2\repository\org\seleniumhq\selenium\selenium-devtools-v109\4.8.3\selenium-devtools-v109-4.8.3.jar;C:\Users\Andre\.m2\repository\org\seleniumhq\selenium\selenium-devtools-v110\4.8.3\selenium-devtools-v110-4.8.3.jar;C:\Users\Andre\.m2\repository\org\seleniumhq\selenium\selenium-devtools-v111\4.8.3\selenium-devtools-v111-4.8.3.jar;C:\Users\Andre\.m2\repository\org\seleniumhq\selenium\selenium-devtools-v85\4.8.3\selenium-devtools-v85-4.8.3.jar;C:\Users\Andre\.m2\repository\org\seleniumhq\selenium\selenium-edge-driver\4.8.3\selenium-edge-driver-4.8.3.jar;C:\Users\Andre\.m2\repository\org\seleniumhq\selenium\selenium-firefox-driver\4.8.3\selenium-firefox-driver-4.8.3.jar;C:\Users\Andre\.m2\repository\org\seleniumhq\selenium\selenium-http\4.8.3\selenium-http-4.8.3.jar;C:\Users\Andre\.m2\repository\dev\failsafe\failsafe\3.3.1\failsafe-3.3.1.jar;C:\Users\Andre\.m2\repository\org\seleniumhq\selenium\selenium-ie-driver\4.8.3\selenium-ie-driver-4.8.3.jar;C:\Users\Andre\.m2\repository\org\seleniumhq\selenium\selenium-remote-driver\4.8.3\selenium-remote-driver-4.8.3.jar;C:\Users\Andre\.m2\repository\io\netty\netty-buffer\4.1.90.Final\netty-buffer-4.1.90.Final.jar;C:\Users\Andre\.m2\repository\io\netty\netty-codec-http\4.1.90.Final\netty-codec-http-4.1.90.Final.jar;C:\Users\Andre\.m2\repository\io\netty\netty-codec\4.1.90.Final\netty-codec-4.1.90.Final.jar;C:\Users\Andre\.m2\repository\io\netty\netty-handler\4.1.90.Final\netty-handler-4.1.90.Final.jar;C:\Users\Andre\.m2\repository\io\netty\netty-common\4.1.90.Final\netty-common-4.1.90.Final.jar;C:\Users\Andre\.m2\repository\io\netty\netty-transport-classes-epoll\4.1.90.Final\netty-transport-classes-epoll-4.1.90.Final.jar;C:\Users\Andre\.m2\repository\io\netty\netty-transport-classes-kqueue\4.1.90.Final\netty-transport-classes-kqueue-4.1.90.Final.jar;C:\Users\Andre\.m2\repository\io\netty\netty-transport-native-epoll\4.1.90.Final\netty-transport-native-epoll-4.1.90.Final.jar;C:\Users\Andre\.m2\repository\io\netty\netty-transport-native-kqueue\4.1.90.Final\netty-transport-native-kqueue-4.1.90.Final.jar;C:\Users\Andre\.m2\repository\io\netty\netty-transport-native-unix-common\4.1.90.Final\netty-transport-native-unix-common-4.1.90.Final.jar;C:\Users\Andre\.m2\repository\io\netty\netty-transport\4.1.90.Final\netty-transport-4.1.90.Final.jar;C:\Users\Andre\.m2\repository\io\netty\netty-resolver\4.1.90.Final\netty-resolver-4.1.90.Final.jar;C:\Users\Andre\.m2\repository\io\opentelemetry\opentelemetry-api\1.24.0\opentelemetry-api-1.24.0.jar;C:\Users\Andre\.m2\repository\io\opentelemetry\opentelemetry-context\1.24.0\opentelemetry-context-1.24.0.jar;C:\Users\Andre\.m2\repository\io\opentelemetry\opentelemetry-exporter-logging\1.24.0\opentelemetry-exporter-logging-1.24.0.jar;C:\Users\Andre\.m2\repository\io\opentelemetry\opentelemetry-sdk-metrics\1.24.0\opentelemetry-sdk-metrics-1.24.0.jar;C:\Users\Andre\.m2\repository\io\opentelemetry\opentelemetry-sdk-logs\1.24.0-alpha\opentelemetry-sdk-logs-1.24.0-alpha.jar;C:\Users\Andre\.m2\repository\io\opentelemetry\opentelemetry-api-logs\1.24.0-alpha\opentelemetry-api-logs-1.24.0-alpha.jar;C:\Users\Andre\.m2\repository\io\opentelemetry\opentelemetry-api-events\1.24.0-alpha\opentelemetry-api-events-1.24.0-alpha.jar;C:\Users\Andre\.m2\repository\io\opentelemetry\opentelemetry-sdk-common\1.24.0\opentelemetry-sdk-common-1.24.0.jar;C:\Users\Andre\.m2\repository\io\opentelemetry\opentelemetry-sdk-extension-autoconfigure-spi\1.24.0\opentelemetry-sdk-extension-autoconfigure-spi-1.24.0.jar;C:\Users\Andre\.m2\repository\io\opentelemetry\opentelemetry-sdk-extension-autoconfigure\1.24.0-alpha\opentelemetry-sdk-extension-autoconfigure-1.24.0-alpha.jar;C:\Users\Andre\.m2\repository\io\opentelemetry\opentelemetry-sdk-trace\1.24.0\opentelemetry-sdk-trace-1.24.0.jar;C:\Users\Andre\.m2\repository\io\opentelemetry\opentelemetry-sdk\1.24.0\opentelemetry-sdk-1.24.0.jar;C:\Users\Andre\.m2\repository\io\opentelemetry\opentelemetry-semconv\1.24.0-alpha\opentelemetry-semconv-1.24.0-alpha.jar;C:\Users\Andre\.m2\repository\io\ous\jtoml\2.0.0\jtoml-2.0.0.jar;C:\Users\Andre\.m2\repository\net\bytebuddy\byte-buddy\1.14.2\byte-buddy-1.14.2.jar;C:\Users\Andre\.m2\repository\org\apache\commons\commons-exec\1.3\commons-exec-1.3.jar;C:\Users\Andre\.m2\repository\org\asynchttpclient\async-http-client\2.12.3\async-http-client-2.12.3.jar;C:\Users\Andre\.m2\repository\org\asynchttpclient\async-http-client-netty-utils\2.12.3\async-http-client-netty-utils-2.12.3.jar;C:\Users\Andre\.m2\repository\io\netty\netty-codec-socks\4.1.60.Final\netty-codec-socks-4.1.60.Final.jar;C:\Users\Andre\.m2\repository\io\netty\netty-handler-proxy\4.1.60.Final\netty-handler-proxy-4.1.60.Final.jar;C:\Users\Andre\.m2\repository\io\netty\netty-transport-native-epoll\4.1.60.Final\netty-transport-native-epoll-4.1.60.Final-linux-x86_64.jar;C:\Users\Andre\.m2\repository\io\netty\netty-transport-native-kqueue\4.1.60.Final\netty-transport-native-kqueue-4.1.60.Final-osx-x86_64.jar;C:\Users\Andre\.m2\repository\org\reactivestreams\reactive-streams\1.0.3\reactive-streams-1.0.3.jar;C:\Users\Andre\.m2\repository\com\typesafe\netty\netty-reactive-streams\2.0.4\netty-reactive-streams-2.0.4.jar;C:\Users\Andre\.m2\repository\com\sun\activation\jakarta.activation\1.2.2\jakarta.activation-1.2.2.jar;C:\Users\Andre\.m2\repository\org\seleniumhq\selenium\selenium-safari-driver\4.8.3\selenium-safari-driver-4.8.3.jar;C:\Users\Andre\.m2\repository\org\seleniumhq\selenium\selenium-support\4.8.3\selenium-support-4.8.3.jar;C:\Users\Andre\.m2\repository\io\github\bonigarcia\webdrivermanager\5.3.2\webdrivermanager-5.3.2.jar;C:\Users\Andre\.m2\repository\com\google\code\gson\gson\2.10.1\gson-2.10.1.jar;C:\Users\Andre\.m2\repository\com\github\docker-java\docker-java\3.2.14\docker-java-3.2.14.jar;C:\Users\Andre\.m2\repository\com\github\docker-java\docker-java-core\3.2.14\docker-java-core-3.2.14.jar;C:\Users\Andre\.m2\repository\com\github\docker-java\docker-java-api\3.2.14\docker-java-api-3.2.14.jar;C:\Users\Andre\.m2\repository\com\fasterxml\jackson\core\jackson-annotations\2.10.3\jackson-annotations-2.10.3.jar;C:\Users\Andre\.m2\repository\commons-io\commons-io\2.6\commons-io-2.6.jar;C:\Users\Andre\.m2\repository\org\apache\commons\commons-compress\1.21\commons-compress-1.21.jar;C:\Users\Andre\.m2\repository\com\fasterxml\jackson\core\jackson-databind\2.10.3\jackson-databind-2.10.3.jar;C:\Users\Andre\.m2\repository\com\fasterxml\jackson\core\jackson-core\2.10.3\jackson-core-2.10.3.jar;C:\Users\Andre\.m2\repository\org\bouncycastle\bcpkix-jdk15on\1.64\bcpkix-jdk15on-1.64.jar;C:\Users\Andre\.m2\repository\org\bouncycastle\bcprov-jdk15on\1.64\bcprov-jdk15on-1.64.jar;C:\Users\Andre\.m2\repository\org\slf4j\jcl-over-slf4j\1.7.30\jcl-over-slf4j-1.7.30.jar;C:\Users\Andre\.m2\repository\com\github\docker-java\docker-java-transport-httpclient5\3.2.14\docker-java-transport-httpclient5-3.2.14.jar;C:\Users\Andre\.m2\repository\com\github\docker-java\docker-java-transport\3.2.14\docker-java-transport-3.2.14.jar;C:\Users\Andre\.m2\repository\net\java\dev\jna\jna\5.12.1\jna-5.12.1.jar;C:\Users\Andre\.m2\repository\org\brotli\dec\0.1.2\dec-0.1.2.jar;C:\Users\Andre\.m2\repository\org\apache\commons\commons-lang3\3.12.0\commons-lang3-3.12.0.jar;C:\Users\Andre\.m2\repository\org\apache\httpcomponents\client5\httpclient5\5.2.1\httpclient5-5.2.1.jar;C:\Users\Andre\.m2\repository\org\apache\httpcomponents\core5\httpcore5\5.2\httpcore5-5.2.jar;C:\Users\Andre\.m2\repository\org\apache\httpcomponents\core5\httpcore5-h2\5.2\httpcore5-h2-5.2.jar;C:\Users\Andre\.m2\repository\org\slf4j\slf4j-simple\1.7.36\slf4j-simple-1.7.36.jar;C:\Users\Andre\.m2\repository\io\qase\qase-testng\3.0.4\qase-testng-3.0.4.jar;C:\Users\Andre\.m2\repository\com\google\inject\guice\5.1.0\guice-5.1.0.jar;C:\Users\Andre\.m2\repository\javax\inject\javax.inject\1\javax.inject-1.jar;C:\Users\Andre\.m2\repository\aopalliance\aopalliance\1.0\aopalliance-1.0.jar;C:\Users\Andre\.m2\repository\io\qase\qase-api\3.0.4\qase-api-3.0.4.jar;C:\Users\Andre\.m2\repository\org\openapitools\jackson-databind-nullable\0.2.4\jackson-databind-nullable-0.2.4.jar;C:\Users\Andre\.m2\repository\com\google\code\findbugs\jsr305\3.0.2\jsr305-3.0.2.jar;C:\Users\Andre\.m2\repository\javax\annotation\javax.annotation-api\1.3.2\javax.annotation-api-1.3.2.jar;C:\Users\Andre\.m2\repository\io\swagger\swagger-annotations\1.6.8\swagger-annotations-1.6.8.jar;C:\Users\Andre\.m2\repository\io\gsonfire\gson-fire\1.8.5\gson-fire-1.8.5.jar;C:\Users\Andre\.m2\repository\com\squareup\okhttp3\logging-interceptor\4.10.0\logging-interceptor-4.10.0.jar;C:\Users\Andre\.m2\repository\com\squareup\okhttp3\okhttp\4.10.0\okhttp-4.10.0.jar;C:\Users\Andre\.m2\repository\com\squareup\okio\okio-jvm\3.0.0\okio-jvm-3.0.0.jar;C:\Users\Andre\.m2\repository\org\jetbrains\kotlin\kotlin-stdlib-common\1.5.31\kotlin-stdlib-common-1.5.31.jar;C:\Users\Andre\.m2\repository\org\jetbrains\kotlin\kotlin-stdlib\1.6.20\kotlin-stdlib-1.6.20.jar;C:\Users\Andre\.m2\repository\org\jetbrains\annotations\13.0\annotations-13.0.jar;C:\Users\Andre\.m2\repository\org\jetbrains\kotlin\kotlin-stdlib-jdk8\1.6.10\kotlin-stdlib-jdk8-1.6.10.jar;C:\Users\Andre\.m2\repository\org\jetbrains\kotlin\kotlin-stdlib-jdk7\1.6.10\kotlin-stdlib-jdk7-1.6.10.jar;C:\Users\Andre\.m2\repository\org\aspectj\aspectjrt\1.8.9\aspectjrt-1.8.9.jar;C:\Users\Andre\.m2\repository\org\aeonbits\owner\owner-java8\1.0.12\owner-java8-1.0.12.jar;C:\Users\Andre\.m2\repository\org\aeonbits\owner\owner\1.0.12\owner-1.0.12.jar;C:\Users\Andre\.m2\repository\com\konghq\unirest-java\3.4.00\unirest-java-3.4.00.jar;C:\Users\Andre\.m2\repository\org\apache\httpcomponents\httpclient\4.5.9\httpclient-4.5.9.jar;C:\Users\Andre\.m2\repository\org\apache\httpcomponents\httpcore\4.4.11\httpcore-4.4.11.jar;C:\Users\Andre\.m2\repository\commons-logging\commons-logging\1.2\commons-logging-1.2.jar;C:\Users\Andre\.m2\repository\commons-codec\commons-codec\1.11\commons-codec-1.11.jar;C:\Users\Andre\.m2\repository\org\apache\httpcomponents\httpmime\4.5.9\httpmime-4.5.9.jar;C:\Users\Andre\.m2\repository\org\apache\httpcomponents\httpcore-nio\4.4.11\httpcore-nio-4.4.11.jar;C:\Users\Andre\.m2\repository\org\apache\httpcomponents\httpasyncclient\4.1.4\httpasyncclient-4.1.4.jar;C:\Users\Andre\.m2\repository\javax\ws\rs\jsr311-api\1.1.1\jsr311-api-1.1.1.jar;C:\Users\Andre\.m2\repository\javax\ws\rs\javax.ws.rs-api\2.1.1\javax.ws.rs-api-2.1.1.jar;C:\Users\Andre\.m2\repository\org\projectlombok\lombok\1.18.24\lombok-1.18.24.jar;C:\Users\Andre\.m2\repository\ch\qos\logback\logback-core\1.2.9\logback-core-1.2.9.jar;C:\Users\Andre\.m2\repository\ch\qos\logback\logback-classic\1.2.9\logback-classic-1.2.9.jar;"/>
    <property name="sun.cpu.endian" value="little"/>
    <property name="user.home" value="C:\Users\Andre"/>
    <property name="user.language" value="sv"/>
    <property name="java.specification.vendor" value="Oracle Corporation"/>
    <property name="java.version.date" value="2023-04-18"/>
    <property name="java.home" value="C:\Users\Andre\.jdks\openjdk-20.0.1"/>
    <property name="file.separator" value="\"/>
    <property name="basedir" value="C:\Users\Andre\IdeaProjects\Playground.lambdatest"/>
    <property name="java.vm.compressedOopsMode" value="Zero based"/>
    <property name="line.separator" value="&#10;"/>
    <property name="java.vm.specification.vendor" value="Oracle Corporation"/>
    <property name="java.specification.name" value="Java Platform API Specification"/>
    <property name="QASE_CLIENT_REPORTER_NAME" value="TestNG"/>
    <property name="surefire.real.class.path" value="C:\Users\Andre\AppData\Local\Temp\surefire17115043692664208739\surefirebooter17179141744163989437.jar"/>
    <property name="user.script" value=""/>
    <property name="sun.management.compiler" value="HotSpot 64-Bit Tiered Compilers"/>
    <property name="java.runtime.version" value="20.0.1+9-29"/>
    <property name="user.name" value="Andre"/>
    <property name="stdout.encoding" value="Cp1252"/>
    <property name="path.separator" value=";"/>
    <property name="os.version" value="10.0"/>
    <property name="QASE_RUN_DESCRIPTION" value="NEW_RUN_DESCRIPTION"/>
    <property name="java.runtime.name" value="OpenJDK Runtime Environment"/>
    <property name="file.encoding" value="UTF-8"/>
    <property name="java.vm.name" value="OpenJDK 64-Bit Server VM"/>
    <property name="localRepository" value="C:\Users\Andre\.m2\repository"/>
    <property name="java.vendor.url.bug" value="https://bugreport.java.com/bugreport/"/>
    <property name="java.io.tmpdir" value="C:\Users\Andre\AppData\Local\Temp\"/>
    <property name="idea.version" value="2022.2.3"/>
    <property name="java.version" value="20.0.1"/>
    <property name="user.dir" value="C:\Users\Andre\IdeaProjects\Playground.lambdatest"/>
    <property name="os.arch" value="amd64"/>
    <property name="java.vm.specification.name" value="Java Virtual Machine Specification"/>
    <property name="QASE_RUN_NAME" value="LambdaPlaygroundTests"/>
    <property name="sun.os.patch.level" value=""/>
    <property name="native.encoding" value="Cp1252"/>
    <property name="java.library.path" value="C:\Users\Andre\.jdks\openjdk-20.0.1\bin;C:\WINDOWS\Sun\Java\bin;C:\WINDOWS\system32;C:\WINDOWS;C:\Program Files (x86)\Common Files\Oracle\Java\javapath;C:\WINDOWS\system32;C:\WINDOWS;C:\WINDOWS\System32\Wbem;C:\WINDOWS\System32\WindowsPowerShell\v1.0\;C:\WINDOWS\System32\OpenSSH\;C:\Program Files\Git\cmd;C:\Users\Andre\AppData\Local\Microsoft\WindowsApps;C:\Users\Andre\AppData\Local\GitHubDesktop\bin;;."/>
    <property name="java.vm.info" value="mixed mode, sharing"/>
    <property name="stderr.encoding" value="Cp1252"/>
    <property name="java.vendor" value="Oracle Corporation"/>
    <property name="java.vm.version" value="20.0.1+9-29"/>
    <property name="sun.io.unicode.encoding" value="UnicodeLittle"/>
    <property name="QASE_ENABLE" value="true"/>
    <property name="java.class.version" value="64.0"/>
  </properties>
  <testcase name="loginTest" classname="org.example.Buy" time="16.062">
    <system-out><![CDATA[beforeSuite
]]></system-out>
    <system-err><![CDATA[SLF4J: Class path contains multiple SLF4J bindings.
SLF4J: Found binding in [jar:file:/C:/Users/Andre/.m2/repository/org/slf4j/slf4j-simple/1.7.36/slf4j-simple-1.7.36.jar!/org/slf4j/impl/StaticLoggerBinder.class]
SLF4J: Found binding in [jar:file:/C:/Users/Andre/.m2/repository/ch/qos/logback/logback-classic/1.2.9/logback-classic-1.2.9.jar!/org/slf4j/impl/StaticLoggerBinder.class]
SLF4J: See http://www.slf4j.org/codes.html#multiple_bindings for an explanation.
SLF4J: Actual binding is of type [org.slf4j.impl.SimpleLoggerFactory]
Starting ChromeDriver 112.0.5615.49 (bd2a7bcb881c11e8cfe3078709382934e3916914-refs/branch-heads/5615@{#936}) on port 37134
Only local connections are allowed.
Please see https://chromedriver.chromium.org/security-considerations for suggestions on keeping ChromeDriver safe.
ChromeDriver was started successfully.
maj 12, 2023 10:24:38 FM org.openqa.selenium.devtools.CdpVersionFinder findNearestMatch
WARNING: Unable to find an exact match for CDP version 112, so returning the closest version found: 111
[main] INFO io.qase.api.QaseClient - Qase project code - /IM
[main] INFO io.qase.api.QaseClient - Qase run id - 4
]]></system-err>
  </testcase>
  <testcase name="logout_Test" classname="org.example.LogOut" time="4.897">
    <system-err><![CDATA[Starting ChromeDriver 112.0.5615.49 (bd2a7bcb881c11e8cfe3078709382934e3916914-refs/branch-heads/5615@{#936}) on port 40004
Only local connections are allowed.
Please see https://chromedriver.chromium.org/security-considerations for suggestions on keeping ChromeDriver safe.
ChromeDriver was started successfully.
maj 12, 2023 10:24:55 FM org.openqa.selenium.devtools.CdpVersionFinder findNearestMatch
WARNING: Unable to find an exact match for CDP version 112, so returning the closest version found: 111
]]></system-err>
  </testcase>
  <testcase name="Register" classname="org.example.Register" time="4.831">
    <system-err><![CDATA[[AsyncHttpClient-1-7] WARN org.asynchttpclient.netty.handler.WebSocketHandler - onError
java.net.SocketException: Connection reset
	at java.base/sun.nio.ch.SocketChannelImpl.throwConnectionReset(SocketChannelImpl.java:401)
	at java.base/sun.nio.ch.SocketChannelImpl.read(SocketChannelImpl.java:434)
	at io.netty.buffer.PooledByteBuf.setBytes(PooledByteBuf.java:256)
	at io.netty.buffer.AbstractByteBuf.writeBytes(AbstractByteBuf.java:1132)
	at io.netty.channel.socket.nio.NioSocketChannel.doReadBytes(NioSocketChannel.java:357)
	at io.netty.channel.nio.AbstractNioByteChannel$NioByteUnsafe.read(AbstractNioByteChannel.java:151)
	at io.netty.channel.nio.NioEventLoop.processSelectedKey(NioEventLoop.java:788)
	at io.netty.channel.nio.NioEventLoop.processSelectedKeysOptimized(NioEventLoop.java:724)
	at io.netty.channel.nio.NioEventLoop.processSelectedKeys(NioEventLoop.java:650)
	at io.netty.channel.nio.NioEventLoop.run(NioEventLoop.java:562)
	at io.netty.util.concurrent.SingleThreadEventExecutor$4.run(SingleThreadEventExecutor.java:997)
	at io.netty.util.internal.ThreadExecutorMap$2.run(ThreadExecutorMap.java:74)
	at io.netty.util.concurrent.FastThreadLocalRunnable.run(FastThreadLocalRunnable.java:30)
	at java.base/java.lang.Thread.run(Thread.java:1623)
maj 12, 2023 10:25:00 FM org.openqa.selenium.remote.http.WebSocket$Listener onError
WARNING: Connection reset
java.net.SocketException: Connection reset
	at java.base/sun.nio.ch.SocketChannelImpl.throwConnectionReset(SocketChannelImpl.java:401)
	at java.base/sun.nio.ch.SocketChannelImpl.read(SocketChannelImpl.java:434)
	at io.netty.buffer.PooledByteBuf.setBytes(PooledByteBuf.java:256)
	at io.netty.buffer.AbstractByteBuf.writeBytes(AbstractByteBuf.java:1132)
	at io.netty.channel.socket.nio.NioSocketChannel.doReadBytes(NioSocketChannel.java:357)
	at io.netty.channel.nio.AbstractNioByteChannel$NioByteUnsafe.read(AbstractNioByteChannel.java:151)
	at io.netty.channel.nio.NioEventLoop.processSelectedKey(NioEventLoop.java:788)
	at io.netty.channel.nio.NioEventLoop.processSelectedKeysOptimized(NioEventLoop.java:724)
	at io.netty.channel.nio.NioEventLoop.processSelectedKeys(NioEventLoop.java:650)
	at io.netty.channel.nio.NioEventLoop.run(NioEventLoop.java:562)
	at io.netty.util.concurrent.SingleThreadEventExecutor$4.run(SingleThreadEventExecutor.java:997)
	at io.netty.util.internal.ThreadExecutorMap$2.run(ThreadExecutorMap.java:74)
	at io.netty.util.concurrent.FastThreadLocalRunnable.run(FastThreadLocalRunnable.java:30)
	at java.base/java.lang.Thread.run(Thread.java:1623)

Starting ChromeDriver 112.0.5615.49 (bd2a7bcb881c11e8cfe3078709382934e3916914-refs/branch-heads/5615@{#936}) on port 40232
Only local connections are allowed.
Please see https://chromedriver.chromium.org/security-considerations for suggestions on keeping ChromeDriver safe.
ChromeDriver was started successfully.
maj 12, 2023 10:25:02 FM org.openqa.selenium.devtools.CdpVersionFinder findNearestMatch
WARNING: Unable to find an exact match for CDP version 112, so returning the closest version found: 111
]]></system-err>
  </testcase>
  <testcase name="loginTest" classname="org.example.Login" time="4.158">
    <system-err><![CDATA[Starting ChromeDriver 112.0.5615.49 (bd2a7bcb881c11e8cfe3078709382934e3916914-refs/branch-heads/5615@{#936}) on port 26460
Only local connections are allowed.
Please see https://chromedriver.chromium.org/security-considerations for suggestions on keeping ChromeDriver safe.
ChromeDriver was started successfully.
maj 12, 2023 10:25:08 FM org.openqa.selenium.devtools.CdpVersionFinder findNearestMatch
WARNING: Unable to find an exact match for CDP version 112, so returning the closest version found: 111
]]></system-err>
  </testcase>
</testsuite>