<?xml version="1.0" encoding="UTF-8"?>
<!-- Generated by org.testng.reporters.JUnitReportReporter -->
<testsuite hostname="LAPTOP-KC2JBNB4" failures="0" tests="1" name="org.example.LogOut" time="6.128" errors="0" timestamp="2023-05-12T10:25:12 CEST" skipped="0">
  <testcase classname="org.example.LogOut" name="logout_Test" time="6.128"/>
  <system-out/>
</testsuite> <!-- org.example.LogOut -->
